# JRE version: Java(TM) SE Runtime Environment (8.0_111-b14) (build 1.8.0_111-b14)
# Java VM: Java HotSpot(TM) 64-Bit Server VM (25.111-b14 mixed mode windows-amd64 compressed oops)
Heap:
 PSYoungGen      total 18944K, used 12442K [0x00000000eb000000, 0x00000000ec500000, 0x0000000100000000)
  eden space 16384K, 63% used [0x00000000eb000000,0x00000000eba1cff8,0x00000000ec000000)
  from space 2560K, 81% used [0x00000000ec280000,0x00000000ec489a98,0x00000000ec500000)
  to   space 2560K, 0% used [0x00000000ec000000,0x00000000ec000000,0x00000000ec280000)
 ParOldGen       total 31744K, used 1433K [0x00000000c1000000, 0x00000000c2f00000, 0x00000000eb000000)
  object space 31744K, 4% used [0x00000000c1000000,0x00000000c11667e8,0x00000000c2f00000)
 Metaspace       used 14991K, capacity 15172K, committed 15488K, reserved 1069056K
  class space    used 1998K, capacity 2090K, committed 2176K, reserved 1048576K
GC Heap History (6 events):
Event: 0.312 GC heap before
{Heap before GC invocations=1 (full 0):
 PSYoungGen      total 18944K, used 5392K [0x00000000eb000000, 0x00000000ec500000, 0x0000000100000000)
  eden space 16384K, 32% used [0x00000000eb000000,0x00000000eb5442b8,0x00000000ec000000)
  from space 2560K, 0% used [0x00000000ec280000,0x00000000ec280000,0x00000000ec500000)
  to   space 2560K, 0% used [0x00000000ec000000,0x00000000ec000000,0x00000000ec280000)
 ParOldGen       total 44032K, used 0K [0x00000000c1000000, 0x00000000c3b00000, 0x00000000eb000000)
  object space 44032K, 0% used [0x00000000c1000000,0x00000000c1000000,0x00000000c3b00000)
 Metaspace       used 8393K, capacity 8554K, committed 8576K, reserved 1062912K
  class space    used 1058K, capacity 1144K, committed 1152K, reserved 1048576K
Event: 0.314 GC heap after
Heap after GC invocations=1 (full 0):
 PSYoungGen      total 18944K, used 1519K [0x00000000eb000000, 0x00000000ec500000, 0x0000000100000000)
  eden space 16384K, 0% used [0x00000000eb000000,0x00000000eb000000,0x00000000ec000000)
  from space 2560K, 59% used [0x00000000ec000000,0x00000000ec17bcd8,0x00000000ec280000)
  to   space 2560K, 0% used [0x00000000ec280000,0x00000000ec280000,0x00000000ec500000)
 ParOldGen       total 44032K, used 8K [0x00000000c1000000, 0x00000000c3b00000, 0x00000000eb000000)
  object space 44032K, 0% used [0x00000000c1000000,0x00000000c1002000,0x00000000c3b00000)
 Metaspace       used 8393K, capacity 8554K, committed 8576K, reserved 1062912K
  class space    used 1058K, capacity 1144K, committed 1152K, reserved 1048576K
}
Event: 0.314 GC heap before
{Heap before GC invocations=2 (full 1):
 PSYoungGen      total 18944K, used 1519K [0x00000000eb000000, 0x00000000ec500000, 0x0000000100000000)
  eden space 16384K, 0% used [0x00000000eb000000,0x00000000eb000000,0x00000000ec000000)
  from space 2560K, 59% used [0x00000000ec000000,0x00000000ec17bcd8,0x00000000ec280000)
  to   space 2560K, 0% used [0x00000000ec280000,0x00000000ec280000,0x00000000ec500000)
 ParOldGen       total 44032K, used 8K [0x00000000c1000000, 0x00000000c3b00000, 0x00000000eb000000)
  object space 44032K, 0% used [0x00000000c1000000,0x00000000c1002000,0x00000000c3b00000)
 Metaspace       used 8393K, capacity 8554K, committed 8576K, reserved 1062912K
  class space    used 1058K, capacity 1144K, committed 1152K, reserved 1048576K
Event: 0.326 GC heap after
Heap after GC invocations=2 (full 1):
 PSYoungGen      total 18944K, used 0K [0x00000000eb000000, 0x00000000ec500000, 0x0000000100000000)
  eden space 16384K, 0% used [0x00000000eb000000,0x00000000eb000000,0x00000000ec000000)
  from space 2560K, 0% used [0x00000000ec000000,0x00000000ec000000,0x00000000ec280000)
  to   space 2560K, 0% used [0x00000000ec280000,0x00000000ec280000,0x00000000ec500000)
 ParOldGen       total 31744K, used 1425K [0x00000000c1000000, 0x00000000c2f00000, 0x00000000eb000000)
  object space 31744K, 4% used [0x00000000c1000000,0x00000000c11647e8,0x00000000c2f00000)
 Metaspace       used 8393K, capacity 8554K, committed 8576K, reserved 1060864K
  class space    used 1058K, capacity 1144K, committed 1152K, reserved 1048576K
}
Event: 0.649 GC heap before
{Heap before GC invocations=3 (full 1):
 PSYoungGen      total 18944K, used 16353K [0x00000000eb000000, 0x00000000ec500000, 0x0000000100000000)
  eden space 16384K, 99% used [0x00000000eb000000,0x00000000ebff8758,0x00000000ec000000)
  from space 2560K, 0% used [0x00000000ec000000,0x00000000ec000000,0x00000000ec280000)
  to   space 2560K, 0% used [0x00000000ec280000,0x00000000ec280000,0x00000000ec500000)
 ParOldGen       total 31744K, used 1425K [0x00000000c1000000, 0x00000000c2f00000, 0x00000000eb000000)
  object space 31744K, 4% used [0x00000000c1000000,0x00000000c11647e8,0x00000000c2f00000)
 Metaspace       used 13106K, capacity 13316K, committed 13696K, reserved 1064960K
  class space    used 1740K, capacity 1834K, committed 1920K, reserved 1048576K
Event: 0.651 GC heap after
Heap after GC invocations=3 (full 1):
 PSYoungGen      total 18944K, used 2086K [0x00000000eb000000, 0x00000000ec500000, 0x0000000100000000)
  eden space 16384K, 0% used [0x00000000eb000000,0x00000000eb000000,0x00000000ec000000)
  from space 2560K, 81% used [0x00000000ec280000,0x00000000ec489a98,0x00000000ec500000)
  to   space 2560K, 0% used [0x00000000ec000000,0x00000000ec000000,0x00000000ec280000)
 ParOldGen       total 31744K, used 1433K [0x00000000c1000000, 0x00000000c2f00000, 0x00000000eb000000)
  object space 31744K, 4% used [0x00000000c1000000,0x00000000c11667e8,0x00000000c2f00000)
 Metaspace       used 13106K, capacity 13316K, committed 13696K, reserved 1064960K
  class space    used 1740K, capacity 1834K, committed 1920K, reserved 1048576K
}

